[069月2024 19:32:13.048] [main/INFO] [cpw.mods.modlauncher.Launcher/MODLAUNCHER]: ModLauncher running: args [--launchTarget, forgeclientuserdev, --version, 21.0.162, --assetIndex, asset-index, --assetsDir, E:\.gradle\caches\minecraft\assets, --gameDir, ., --fml.neoForgeVersion, 21.0.162, --fml.fmlVersion, 4.0.23, --fml.mcVersion, 1.21, --fml.neoFormVersion, 20240613.152323]
[069月2024 19:32:13.048] [main/INFO] [cpw.mods.modlauncher.Launcher/MODLAUNCHER]: JVM identified as Oracle Corporation OpenJDK 64-Bit Server VM 21.0.2+13-58
[069月2024 19:32:13.048] [main/INFO] [cpw.mods.modlauncher.Launcher/MODLAUNCHER]: ModLauncher 11.0.4+main.d2e20e43 starting: java version 21.0.2 by Oracle Corporation; OS Windows 10 arch amd64 version 10.0
[069月2024 19:32:13.410] [main/WARN] [net.neoforged.fml.loading.FMLConfig/CORE]: Configuration file D:\MinecraftNeoForgeMod\TimeSyncReborn\runs\templateClient\config\fml.toml is not correct. Correcting
[069月2024 19:32:13.411] [main/INFO] [net.neoforged.fml.loading.FMLConfig/CORE]: Incorrect key [disableConfigWatcher] was corrected from null to false
[069月2024 19:32:13.412] [main/INFO] [net.neoforged.fml.loading.FMLConfig/CORE]: Incorrect key [earlyWindowSkipGLVersions] was corrected from null to []
[069月2024 19:32:13.413] [main/INFO] [net.neoforged.fml.loading.FMLConfig/CORE]: Incorrect key [earlyWindowSquir] was corrected from null to false
[069月2024 19:32:13.463] [main/INFO] [net.neoforged.fml.loading.ImmediateWindowHandler/]: Loading ImmediateWindowProvider fmlearlywindow
[069月2024 19:32:13.728] [main/INFO] [EARLYDISPLAY/]: Trying GL version 4.6
[069月2024 19:32:13.885] [main/INFO] [EARLYDISPLAY/]: Requested GL version 4.6 got version 4.6
[069月2024 19:32:14.245] [main/INFO] [mixin/]: SpongePowered MIXIN Subsystem Version=0.8.6 Source=union:/E:/.gradle/caches/modules-2/files-2.1/net.fabricmc/sponge-mixin/0.14.0+mixin.0.8.6/c265173c84346e9e5d42a2384b2b02bd39a4a899/sponge-mixin-0.14.0+mixin.0.8.6.jar%23136!/ Service=ModLauncher Env=CLIENT
[069月2024 19:32:14.610] [pool-2-thread-1/INFO] [EARLYDISPLAY/]: GL info: Intel(R) HD Graphics 630 GL version 4.6.0 - Build 31.0.101.2121, Intel
[069月2024 19:32:14.704] [main/INFO] [net.neoforged.fml.loading.moddiscovery.ModDiscoverer/SCAN]: Found mod file "neoforge-21.0.162.jar" [locator: neoforge devenv provider ([D:\MinecraftNeoForgeMod\TimeSyncReborn\.gradle\repositories\ng_dummy_ng\net\neoforged\neoforge\21.0.162\neoforge-21.0.162.jar])]
[069月2024 19:32:14.736] [main/INFO] [net.neoforged.fml.loading.moddiscovery.ModDiscoverer/SCAN]: Found mod file "neoforge-21.0.162.jar" [locator: neoforge devenv provider ([D:\MinecraftNeoForgeMod\TimeSyncReborn\.gradle\repositories\ng_dummy_ng\net\neoforged\neoforge\21.0.162\neoforge-21.0.162.jar])]
[069月2024 19:32:14.767] [main/INFO] [net.neoforged.fml.loading.moddiscovery.ModDiscoverer/SCAN]: Found mod file "main" [locator: userdev mods and services, reader: mod manifest]
[069月2024 19:32:14.783] [main/INFO] [net.neoforged.fml.loading.moddiscovery.ModDiscoverer/SCAN]: Found mod file "neoforge-21.0.162.jar" [locator: userdev mods and services, reader: mod manifest]
[069月2024 19:32:14.845] [main/INFO] [net.neoforged.fml.loading.moddiscovery.ModDiscoverer/SCAN]: Found gamelibrary file "mixinextras-neoforge-0.3.5.jar" [locator: userdev mods and services, reader: mod manifest]
[069月2024 19:32:15.198] [main/WARN] [net.neoforged.jarjar.selection.JarSelector/]: Attempted to select a dependency jar for JarJar which was passed in as source: mixinextras-neoforge-0.3.5.jar. Using Mod File: E:\.gradle\caches\modules-2\files-2.1\io.github.llamalad7\mixinextras-neoforge\0.3.5\ef3ffcf309dae656517b2f120189b1c9b21737dd\mixinextras-neoforge-0.3.5.jar
[069月2024 19:32:15.198] [main/INFO] [net.neoforged.fml.loading.moddiscovery.locators.JarInJarDependencyLocator/]: No dependencies to load found. Skipping!
[069月2024 19:32:15.479] [main/INFO] [net.neoforged.fml.loading.FMLServiceProvider/CORE]: Loading coremod script-engine for [neoforge]
[069月2024 19:32:16.649] [main/INFO] [cpw.mods.modlauncher.LaunchServiceHandler/MODLAUNCHER]: Launching target 'forgeclientuserdev' with arguments [--version, 21.0.162, --gameDir, ., --assetsDir, E:\.gradle\caches\minecraft\assets, --assetIndex, asset-index]
[069月2024 19:32:16.754] [main/WARN] [mixin/]: Reference map 'tsr.refmap.json' for tsr.mixins.json could not be read. If this is a development environment you can ignore this message
[069月2024 19:32:19.246] [Datafixer Bootstrap/INFO] [com.mojang.datafixers.DataFixerBuilder/]: 229 Datafixer optimizations took 395 milliseconds
[069月2024 19:32:20.409] [pool-7-thread-1/INFO] [MixinExtras|Service/]: Initializing MixinExtras via com.llamalad7.mixinextras.service.MixinExtrasServiceImpl(version=0.3.5).
[069月2024 19:32:29.860] [main/WARN] [net.minecraft.commands.Commands/]: Ambiguity between arguments [teleport, location] and [teleport, destination] with inputs: [0.1 -0.5 .9, 0 0 0]
[069月2024 19:32:29.860] [main/WARN] [net.minecraft.commands.Commands/]: Ambiguity between arguments [teleport, location] and [teleport, targets] with inputs: [0.1 -0.5 .9, 0 0 0]
[069月2024 19:32:29.876] [main/WARN] [net.minecraft.commands.Commands/]: Ambiguity between arguments [teleport, destination] and [teleport, targets] with inputs: [Player, 0123, @e, dd12be42-52a9-4a91-a8a1-11c01849e498]
[069月2024 19:32:29.876] [main/WARN] [net.minecraft.commands.Commands/]: Ambiguity between arguments [teleport, targets] and [teleport, destination] with inputs: [Player, 0123, dd12be42-52a9-4a91-a8a1-11c01849e498]
[069月2024 19:32:29.876] [main/WARN] [net.minecraft.commands.Commands/]: Ambiguity between arguments [teleport, targets, location] and [teleport, targets, destination] with inputs: [0.1 -0.5 .9, 0 0 0]
[069月2024 19:32:30.093] [Render thread/WARN] [net.minecraft.server.packs.VanillaPackResourcesBuilder/]: Assets URL 'union:/D:/MinecraftNeoForgeMod/TimeSyncReborn/.gradle/repositories/ng_dummy_ng/net/neoforged/neoforge/21.0.162/neoforge-21.0.162.jar%23189!/assets/.mcassetsroot' uses unexpected schema
[069月2024 19:32:30.094] [Render thread/WARN] [net.minecraft.server.packs.VanillaPackResourcesBuilder/]: Assets URL 'union:/D:/MinecraftNeoForgeMod/TimeSyncReborn/.gradle/repositories/ng_dummy_ng/net/neoforged/neoforge/21.0.162/neoforge-21.0.162.jar%23189!/data/.mcassetsroot' uses unexpected schema
[069月2024 19:32:30.149] [Render thread/INFO] [com.mojang.authlib.yggdrasil.YggdrasilAuthenticationService/]: Environment: Environment[sessionHost=https://sessionserver.mojang.com, servicesHost=https://api.minecraftservices.com, name=PROD]
[069月2024 19:32:30.161] [Render thread/INFO] [net.minecraft.client.Minecraft/]: Setting user: Dev
[069月2024 19:32:30.284] [Render thread/INFO] [net.minecraft.client.Minecraft/]: Backend library: LWJGL version 3.3.3+5
[069月2024 19:32:30.946] [modloading-worker-0/INFO] [net.neoforged.neoforge.common.NeoForgeMod/NEOFORGE-MOD]: NeoForge mod loading, version 21.0.162, for MC 1.21
[069月2024 19:32:32.367] [Render thread/INFO] [net.neoforged.neoforge.gametest.GameTestHooks/]: Enabled Gametest Namespaces: []
[069月2024 19:32:32.704] [Render thread/INFO] [net.minecraft.server.packs.resources.ReloadableResourceManager/]: Reloading ResourceManager: vanilla, mod_resources, mod/tsr, mod/neoforge
[069月2024 19:32:33.319] [Worker-Main-3/INFO] [net.minecraft.client.gui.font.providers.UnihexProvider/]: Found unifont_all_no_pua-15.1.05.hex, loading
[069月2024 19:32:33.832] [Worker-Main-3/INFO] [net.minecraft.client.gui.font.providers.UnihexProvider/]: Found unifont_jp_patch-15.1.05.hex, loading
[069月2024 19:32:36.171] [Render thread/WARN] [net.minecraft.client.sounds.SoundEngine/]: Missing sound for event: minecraft:item.goat_horn.play
[069月2024 19:32:36.172] [Render thread/WARN] [net.minecraft.client.sounds.SoundEngine/]: Missing sound for event: minecraft:entity.goat.screaming.horn_break
[069月2024 19:32:36.449] [Render thread/INFO] [com.mojang.blaze3d.audio.Library/]: OpenAL initialized on device OpenAL Soft on 扬声器 (Realtek High Definition Audio)
[069月2024 19:32:36.450] [Render thread/INFO] [net.minecraft.client.sounds.SoundEngine/SOUNDS]: Sound engine started
[069月2024 19:32:36.666] [Render thread/INFO] [net.minecraft.client.renderer.texture.TextureAtlas/]: Created: 1024x512x4 minecraft:textures/atlas/blocks.png-atlas
[069月2024 19:32:36.793] [Render thread/INFO] [net.minecraft.client.renderer.texture.TextureAtlas/]: Created: 256x256x4 minecraft:textures/atlas/signs.png-atlas
[069月2024 19:32:36.795] [Render thread/INFO] [net.minecraft.client.renderer.texture.TextureAtlas/]: Created: 512x512x4 minecraft:textures/atlas/shield_patterns.png-atlas
[069月2024 19:32:36.800] [Render thread/INFO] [net.minecraft.client.renderer.texture.TextureAtlas/]: Created: 512x512x4 minecraft:textures/atlas/banner_patterns.png-atlas
[069月2024 19:32:36.805] [Render thread/INFO] [net.minecraft.client.renderer.texture.TextureAtlas/]: Created: 1024x1024x4 minecraft:textures/atlas/armor_trims.png-atlas
[069月2024 19:32:36.849] [Render thread/INFO] [net.minecraft.client.renderer.texture.TextureAtlas/]: Created: 256x256x4 minecraft:textures/atlas/chest.png-atlas
[069月2024 19:32:36.851] [Render thread/INFO] [net.minecraft.client.renderer.texture.TextureAtlas/]: Created: 128x64x4 minecraft:textures/atlas/decorated_pot.png-atlas
[069月2024 19:32:36.854] [Render thread/INFO] [net.minecraft.client.renderer.texture.TextureAtlas/]: Created: 512x256x4 minecraft:textures/atlas/shulker_boxes.png-atlas
[069月2024 19:32:36.856] [Render thread/INFO] [net.minecraft.client.renderer.texture.TextureAtlas/]: Created: 512x256x4 minecraft:textures/atlas/beds.png-atlas
[069月2024 19:32:37.100] [Render thread/INFO] [net.minecraft.client.renderer.texture.TextureAtlas/]: Created: 512x256x0 minecraft:textures/atlas/particles.png-atlas
[069月2024 19:32:37.119] [Render thread/INFO] [net.minecraft.client.renderer.texture.TextureAtlas/]: Created: 512x256x0 minecraft:textures/atlas/paintings.png-atlas
[069月2024 19:32:37.124] [Render thread/INFO] [net.minecraft.client.renderer.texture.TextureAtlas/]: Created: 256x128x0 minecraft:textures/atlas/mob_effects.png-atlas
[069月2024 19:32:37.127] [Render thread/INFO] [net.minecraft.client.renderer.texture.TextureAtlas/]: Created: 64x64x0 minecraft:textures/atlas/map_decorations.png-atlas
[069月2024 19:32:37.129] [Render thread/INFO] [net.minecraft.client.renderer.texture.TextureAtlas/]: Created: 1024x512x0 minecraft:textures/atlas/gui.png-atlas
[069月2024 19:32:37.513] [Render thread/WARN] [net.minecraft.client.renderer.ShaderInstance/]: Shader rendertype_entity_translucent_emissive could not find sampler named Sampler2 in the specified shader program.
[069月2024 19:33:03.535] [Render thread/INFO] [net.minecraft.world.item.crafting.RecipeManager/]: Loaded 1290 recipes
[069月2024 19:33:03.770] [Render thread/INFO] [net.minecraft.advancements.AdvancementTree/]: Loaded 1399 advancements
[069月2024 19:33:07.411] [Server thread/INFO] [net.minecraft.client.server.IntegratedServer/]: Starting integrated minecraft server version 1.21
[069月2024 19:33:07.411] [Server thread/INFO] [net.minecraft.server.MinecraftServer/]: Generating keypair
[069月2024 19:33:11.317] [Server thread/INFO] [net.minecraft.server.MinecraftServer/]: Preparing start region for dimension minecraft:overworld
[069月2024 19:33:11.366] [progressListener/INFO] [net.minecraft.server.level.progress.LoggerChunkProgressListener/]: Preparing spawn area: 2%
[069月2024 19:33:11.833] [progressListener/INFO] [net.minecraft.server.level.progress.LoggerChunkProgressListener/]: Preparing spawn area: 2%
[069月2024 19:33:12.373] [progressListener/INFO] [net.minecraft.server.level.progress.LoggerChunkProgressListener/]: Preparing spawn area: 2%
[069月2024 19:33:12.896] [progressListener/INFO] [net.minecraft.server.level.progress.LoggerChunkProgressListener/]: Preparing spawn area: 18%
[069月2024 19:33:13.342] [progressListener/INFO] [net.minecraft.server.level.progress.LoggerChunkProgressListener/]: Preparing spawn area: 18%
[069月2024 19:33:13.841] [progressListener/INFO] [net.minecraft.server.level.progress.LoggerChunkProgressListener/]: Preparing spawn area: 20%
[069月2024 19:33:14.333] [progressListener/INFO] [net.minecraft.server.level.progress.LoggerChunkProgressListener/]: Preparing spawn area: 51%
[069月2024 19:33:14.846] [progressListener/INFO] [net.minecraft.server.level.progress.LoggerChunkProgressListener/]: Preparing spawn area: 51%
[069月2024 19:33:15.033] [Server thread/INFO] [net.neoforged.neoforge.server.permission.PermissionAPI/]: Successfully initialized permission handler neoforge:default_handler
[069月2024 19:33:15.035] [Server thread/WARN] [net.neoforged.neoforge.common.TagConventionLogWarning/]: 
   Dev warning - Legacy Tags detected. Please migrate your 'forge' namespace tags to the 'c' namespace! See net.neoforged.neoforge.common.Tags.java for all tags.
   NOTE: Many tags have been moved around or renamed. Some new ones were added so please review the new tags.
    And make sure you follow tag conventions for new tags! The convention is `c` with nouns generally being plural and adjectives being singular.
   You can disable this message in NeoForge's common config by setting `logLegacyTagWarnings` to "SILENCED" or see individual tags with "DEV_VERBOSE".

[069月2024 19:33:15.043] [progressListener/INFO] [net.minecraft.server.level.progress.LoggerChunkProgressListener/]: Time elapsed: 3714 ms
[069月2024 19:33:15.200] [Server thread/INFO] [net.minecraft.client.server.IntegratedServer/]: Changing view distance to 12, from 10
[069月2024 19:33:15.201] [Server thread/INFO] [net.minecraft.client.server.IntegratedServer/]: Changing simulation distance to 12, from 0
[069月2024 19:33:16.385] [Server thread/INFO] [net.minecraft.server.players.PlayerList/]: Dev[local:E:79fd8da2] logged in with entity id 100 at (-8.5, 69.0, -65.5)
[069月2024 19:33:16.468] [Server thread/INFO] [net.minecraft.server.MinecraftServer/]: Dev joined the game
[069月2024 19:33:16.677] [Render thread/INFO] [net.minecraft.advancements.AdvancementTree/]: Loaded 2 advancements
[069月2024 19:33:17.509] [Server thread/INFO] [net.minecraft.client.server.IntegratedServer/]: Saving and pausing game...
[069月2024 19:33:17.641] [Server thread/INFO] [net.minecraft.server.MinecraftServer/]: Saving chunks for level 'ServerLevel[New World]'/minecraft:overworld
[069月2024 19:33:17.754] [Server thread/INFO] [net.minecraft.server.MinecraftServer/]: Saving chunks for level 'ServerLevel[New World]'/minecraft:the_end
[069月2024 19:33:17.919] [Server thread/INFO] [net.minecraft.server.MinecraftServer/]: Saving chunks for level 'ServerLevel[New World]'/minecraft:the_nether
[069月2024 19:33:24.603] [Server thread/INFO] [net.minecraft.server.MinecraftServer/]: [Not Secure] <Dev> yeah
[069月2024 19:33:24.635] [Render thread/INFO] [net.minecraft.client.gui.components.ChatComponent/]: [CHAT] <Dev> yeah
[069月2024 19:33:30.214] [Server thread/INFO] [net.minecraft.server.MinecraftServer/]: [Not Secure] <Dev> he is working
[069月2024 19:33:30.230] [Render thread/INFO] [net.minecraft.client.gui.components.ChatComponent/]: [CHAT] <Dev> he is working
[069月2024 19:33:33.445] [Server thread/INFO] [net.minecraft.server.MinecraftServer/]: [Dev: Set own game mode to Creative Mode]
[069月2024 19:33:33.453] [Render thread/INFO] [net.minecraft.client.gui.components.ChatComponent/]: [System] [CHAT] Set own game mode to Creative Mode
[069月2024 19:33:42.533] [Server thread/INFO] [net.minecraft.server.MinecraftServer/]: [Dev: Set the time to 0]
[069月2024 19:33:42.547] [Render thread/INFO] [net.minecraft.client.gui.components.ChatComponent/]: [System] [CHAT] Set the time to 0
[069月2024 19:35:08.922] [Server thread/INFO] [net.minecraft.server.MinecraftServer/]: [Not Secure] <Dev> 666
[069月2024 19:35:08.939] [Render thread/INFO] [net.minecraft.client.gui.components.ChatComponent/]: [CHAT] <Dev> 666
[069月2024 19:35:11.295] [Server thread/INFO] [net.minecraft.client.server.IntegratedServer/]: Saving and pausing game...
[069月2024 19:35:11.384] [Server thread/INFO] [net.minecraft.server.MinecraftServer/]: Saving chunks for level 'ServerLevel[New World]'/minecraft:overworld
[069月2024 19:35:11.497] [Server thread/INFO] [net.minecraft.server.MinecraftServer/]: Saving chunks for level 'ServerLevel[New World]'/minecraft:the_end
[069月2024 19:35:11.723] [Server thread/INFO] [net.minecraft.server.MinecraftServer/]: Saving chunks for level 'ServerLevel[New World]'/minecraft:the_nether
[069月2024 19:35:13.163] [Server thread/INFO] [net.minecraft.server.network.ServerGamePacketListenerImpl/]: Dev lost connection: Disconnected
[069月2024 19:35:13.163] [Server thread/INFO] [net.minecraft.server.MinecraftServer/]: Dev left the game
[069月2024 19:35:13.251] [Server thread/INFO] [net.minecraft.server.network.ServerCommonPacketListenerImpl/]: Stopping singleplayer server as player logged out
[069月2024 19:35:13.274] [Server thread/INFO] [net.minecraft.server.MinecraftServer/]: Stopping server
[069月2024 19:35:13.274] [Server thread/INFO] [net.minecraft.server.MinecraftServer/]: Saving players
[069月2024 19:35:13.274] [Server thread/INFO] [net.minecraft.server.MinecraftServer/]: Saving worlds
[069月2024 19:35:19.476] [Server thread/INFO] [net.minecraft.server.MinecraftServer/]: Saving chunks for level 'ServerLevel[New World]'/minecraft:overworld
[069月2024 19:35:21.828] [Server thread/INFO] [net.minecraft.server.MinecraftServer/]: Saving chunks for level 'ServerLevel[New World]'/minecraft:the_end
[069月2024 19:35:21.855] [Server thread/INFO] [net.minecraft.server.MinecraftServer/]: Saving chunks for level 'ServerLevel[New World]'/minecraft:the_nether
[069月2024 19:35:21.917] [Server thread/INFO] [net.minecraft.server.MinecraftServer/]: ThreadedAnvilChunkStorage (New World): All chunks are saved
[069月2024 19:35:21.917] [Server thread/INFO] [net.minecraft.server.MinecraftServer/]: ThreadedAnvilChunkStorage (DIM1): All chunks are saved
[069月2024 19:35:21.917] [Server thread/INFO] [net.minecraft.server.MinecraftServer/]: ThreadedAnvilChunkStorage (DIM-1): All chunks are saved
[069月2024 19:35:21.918] [Server thread/INFO] [net.minecraft.server.MinecraftServer/]: ThreadedAnvilChunkStorage: All dimensions are saved
[069月2024 19:36:45.942] [Render thread/INFO] [net.minecraft.client.Minecraft/]: Stopping!
